[0.248s] DEBUG:colcon:Command line arguments: ['/usr/bin/colcon', 'list', '-p', '--base-paths', '/home/prime/physical_ai_locomotion_team/src', '--log-base', '/dev/null']
[0.249s] DEBUG:colcon:Parsed command line arguments: Namespace(log_base=None, log_level=None, verb_name='list', build_base='build', ignore_user_meta=False, metas=['./colcon.meta'], base_paths=['/home/prime/physical_ai_locomotion_team/src', '--log-base', '/dev/null'], packages_ignore=None, packages_ignore_regex=None, paths=None, packages_up_to=None, packages_up_to_regex=None, packages_above=None, packages_above_and_dependencies=None, packages_above_depth=None, packages_select_by_dep=None, packages_skip_by_dep=None, packages_skip_up_to=None, packages_select_build_failed=False, packages_skip_build_finished=False, packages_select_test_failures=False, packages_skip_test_passed=False, packages_select=None, packages_skip=None, packages_select_regex=None, packages_skip_regex=None, packages_start=None, packages_end=None, allow_overriding=[], topological_order=False, names_only=False, paths_only=True, topological_graph=False, topological_graph_dot=False, topological_graph_density=False, topological_graph_legend=False, topological_graph_dot_cluster=False, topological_graph_dot_include_skipped=False, mixin_files=None, mixin=None, verb_parser=<colcon_mixin.mixin.mixin_argument.MixinArgumentDecorator object at 0x7dcc0bfa8cd0>, verb_extension=<colcon_package_information.verb.list.ListVerb object at 0x7dcc0bf6fc40>, main=<bound method ListVerb.main of <colcon_package_information.verb.list.ListVerb object at 0x7dcc0bf6fc40>>, mixin_verb=('list',))
[0.669s] Level 1:colcon.colcon_core.package_discovery:discover_packages(colcon_meta) check parameters
[0.670s] Level 1:colcon.colcon_core.package_discovery:discover_packages(recursive) check parameters
[0.670s] Level 1:colcon.colcon_core.package_discovery:discover_packages(ignore) check parameters
[0.670s] Level 1:colcon.colcon_core.package_discovery:discover_packages(path) check parameters
[0.670s] Level 1:colcon.colcon_core.package_discovery:discover_packages(recursive) discover
[0.670s] INFO:colcon.colcon_core.package_discovery:Crawling recursively for packages in '/home/prime/physical_ai_locomotion_team/src', '/home/prime/physical_ai_locomotion_team/src/--log-base', '/dev/null'
[0.670s] Level 1:colcon.colcon_core.package_identification:_identify(/home/prime/physical_ai_locomotion_team/src) by extensions ['ignore', 'ignore_ament_install']
[0.670s] Level 1:colcon.colcon_core.package_identification:_identify(/home/prime/physical_ai_locomotion_team/src) by extension 'ignore'
[0.670s] Level 1:colcon.colcon_core.package_identification:_identify(/home/prime/physical_ai_locomotion_team/src) by extension 'ignore_ament_install'
[0.670s] Level 1:colcon.colcon_core.package_identification:_identify(/home/prime/physical_ai_locomotion_team/src) by extensions ['colcon_pkg']
[0.670s] Level 1:colcon.colcon_core.package_identification:_identify(/home/prime/physical_ai_locomotion_team/src) by extension 'colcon_pkg'
[0.670s] Level 1:colcon.colcon_core.package_identification:_identify(/home/prime/physical_ai_locomotion_team/src) by extensions ['colcon_meta']
[0.670s] Level 1:colcon.colcon_core.package_identification:_identify(/home/prime/physical_ai_locomotion_team/src) by extension 'colcon_meta'
[0.671s] Level 1:colcon.colcon_core.package_identification:_identify(/home/prime/physical_ai_locomotion_team/src) by extensions ['ros']
[0.671s] Level 1:colcon.colcon_core.package_identification:_identify(/home/prime/physical_ai_locomotion_team/src) by extension 'ros'
[0.728s] Level 1:colcon.colcon_core.package_identification:_identify(/home/prime/physical_ai_locomotion_team/src) by extensions ['cmake', 'python']
[0.729s] Level 1:colcon.colcon_core.package_identification:_identify(/home/prime/physical_ai_locomotion_team/src) by extension 'cmake'
[0.729s] Level 1:colcon.colcon_core.package_identification:_identify(/home/prime/physical_ai_locomotion_team/src) by extension 'python'
[0.729s] Level 1:colcon.colcon_core.package_identification:_identify(/home/prime/physical_ai_locomotion_team/src) by extensions ['python_setup_py']
[0.729s] Level 1:colcon.colcon_core.package_identification:_identify(/home/prime/physical_ai_locomotion_team/src) by extension 'python_setup_py'
[0.729s] Level 1:colcon.colcon_core.package_identification:_identify(/home/prime/physical_ai_locomotion_team/src/controller) by extensions ['ignore', 'ignore_ament_install']
[0.729s] Level 1:colcon.colcon_core.package_identification:_identify(/home/prime/physical_ai_locomotion_team/src/controller) by extension 'ignore'
[0.729s] Level 1:colcon.colcon_core.package_identification:_identify(/home/prime/physical_ai_locomotion_team/src/controller) by extension 'ignore_ament_install'
[0.729s] Level 1:colcon.colcon_core.package_identification:_identify(/home/prime/physical_ai_locomotion_team/src/controller) by extensions ['colcon_pkg']
[0.729s] Level 1:colcon.colcon_core.package_identification:_identify(/home/prime/physical_ai_locomotion_team/src/controller) by extension 'colcon_pkg'
[0.729s] Level 1:colcon.colcon_core.package_identification:_identify(/home/prime/physical_ai_locomotion_team/src/controller) by extensions ['colcon_meta']
[0.729s] Level 1:colcon.colcon_core.package_identification:_identify(/home/prime/physical_ai_locomotion_team/src/controller) by extension 'colcon_meta'
[0.729s] Level 1:colcon.colcon_core.package_identification:_identify(/home/prime/physical_ai_locomotion_team/src/controller) by extensions ['ros']
[0.729s] Level 1:colcon.colcon_core.package_identification:_identify(/home/prime/physical_ai_locomotion_team/src/controller) by extension 'ros'
[0.734s] DEBUG:colcon.colcon_core.package_identification:Package '/home/prime/physical_ai_locomotion_team/src/controller' with type 'ros.ament_cmake' and name 'controller'
[0.734s] Level 1:colcon.colcon_core.package_identification:_identify(/home/prime/physical_ai_locomotion_team/src/hexapod) by extensions ['ignore', 'ignore_ament_install']
[0.735s] Level 1:colcon.colcon_core.package_identification:_identify(/home/prime/physical_ai_locomotion_team/src/hexapod) by extension 'ignore'
[0.735s] Level 1:colcon.colcon_core.package_identification:_identify(/home/prime/physical_ai_locomotion_team/src/hexapod) by extension 'ignore_ament_install'
[0.735s] Level 1:colcon.colcon_core.package_identification:_identify(/home/prime/physical_ai_locomotion_team/src/hexapod) by extensions ['colcon_pkg']
[0.735s] Level 1:colcon.colcon_core.package_identification:_identify(/home/prime/physical_ai_locomotion_team/src/hexapod) by extension 'colcon_pkg'
[0.735s] Level 1:colcon.colcon_core.package_identification:_identify(/home/prime/physical_ai_locomotion_team/src/hexapod) by extensions ['colcon_meta']
[0.735s] Level 1:colcon.colcon_core.package_identification:_identify(/home/prime/physical_ai_locomotion_team/src/hexapod) by extension 'colcon_meta'
[0.735s] Level 1:colcon.colcon_core.package_identification:_identify(/home/prime/physical_ai_locomotion_team/src/hexapod) by extensions ['ros']
[0.735s] Level 1:colcon.colcon_core.package_identification:_identify(/home/prime/physical_ai_locomotion_team/src/hexapod) by extension 'ros'
[0.736s] DEBUG:colcon.colcon_core.package_identification:Package '/home/prime/physical_ai_locomotion_team/src/hexapod' with type 'ros.ament_cmake' and name 'hexapod'
[0.737s] Level 1:colcon.colcon_core.package_identification:_identify(/home/prime/physical_ai_locomotion_team/src/log) by extensions ['ignore', 'ignore_ament_install']
[0.737s] Level 1:colcon.colcon_core.package_identification:_identify(/home/prime/physical_ai_locomotion_team/src/log) by extension 'ignore'
[0.737s] Level 1:colcon.colcon_core.package_identification:_identify(/home/prime/physical_ai_locomotion_team/src/log) ignored
[0.737s] Level 1:colcon.colcon_core.package_discovery:discover_packages(recursive) using defaults
